生成启动时间为 2023/6/1 11:02:12。
     1>项目“E:\Zstu320\VS2015_Project\左神\链表\链表\链表.vcxproj”在节点 2 上(Build 个目标)。
     1>ClCompile:
         E:\VS2015\VC\bin\CL.exe /c /I"C:\Program Files (x86)\Visual Leak Detector\include" /ZI /nologo /W3 /WX- /sdl /Od /Oy- /D _UNICODE /D UNICODE /Gm /EHsc /RTC1 /MDd /GS /fp:precise /Zc:wchar_t /Zc:forScope /Zc:inline /Fo"Debug\\" /Fd"Debug\vc140.pdb" /Gd /TP /analyze- /errorReport:prompt "！单向链表初始化.cpp"
         ！单向链表初始化.cpp
       Link:
         E:\VS2015\VC\bin\link.exe /ERRORREPORT:PROMPT /OUT:"E:\Zstu320\VS2015_Project\左神\链表\Debug\链表.exe" /INCREMENTAL /NOLOGO /LIBPATH:"C:\Program Files (x86)\Visual Leak Detector\lib\Win32" kernel32.lib user32.lib gdi32.lib winspool.lib comdlg32.lib advapi32.lib shell32.lib ole32.lib oleaut32.lib uuid.lib odbc32.lib odbccp32.lib /MANIFEST /MANIFESTUAC:"level='asInvoker' uiAccess='false'" /manifest:embed /Debug /PDB:"E:\Zstu320\VS2015_Project\左神\链表\Debug\链表.pdb" /TLBID:1 /DYNAMICBASE /NXCOMPAT /IMPLIB:"E:\Zstu320\VS2015_Project\左神\链表\Debug\链表.lib" /MACHINE:X86 "Debug\！单向链表初始化.obj"
         "Debug\k个结点的组内逆序.obj"
         Debug\practice.obj
         "Debug\两个链表相加.obj"
         "Debug\单向链表.obj"
         "Debug\双链表实现双端队列.obj"
         "Debug\双链表逆序.obj"
         "Debug\链表实现栈.obj"
         "Debug\链表实现队列.obj"
         "Debug\链表逆序.obj"
         链表.vcxproj -> E:\Zstu320\VS2015_Project\左神\链表\Debug\链表.exe
     1>已完成生成项目“E:\Zstu320\VS2015_Project\左神\链表\链表\链表.vcxproj”(Build 个目标)的操作。

已成功生成。

已用时间 00:00:00.52
