生成启动时间为 2023/2/23 17:02:19。
     1>项目“E:\Zstu320\vs2015 project\Practice\Practice\Practice.vcxproj”在节点 2 上(Build 个目标)。
     1>ClCompile:
         C:\Program Files (x86)\Microsoft Visual Studio 14.0\VC\bin\CL.exe /c /ZI /nologo /W3 /WX- /sdl /Od /Oy- /D _MBCS /Gm /EHsc /RTC1 /MDd /GS /fp:precise /Zc:wchar_t /Zc:forScope /Zc:inline /Fo"Debug\\" /Fd"Debug\vc140.pdb" /Gd /TP /analyze- /errorReport:prompt 2023.1.31.cpp
         2023.1.31.cpp
       Link:
         C:\Program Files (x86)\Microsoft Visual Studio 14.0\VC\bin\link.exe /ERRORREPORT:PROMPT /OUT:"E:\Zstu320\vs2015 project\Practice\Debug\Practice.exe" /INCREMENTAL /NOLOGO ws2_32.lib kernel32.lib user32.lib gdi32.lib winspool.lib comdlg32.lib advapi32.lib shell32.lib ole32.lib oleaut32.lib uuid.lib odbc32.lib odbccp32.lib /MANIFEST /MANIFESTUAC:"level='asInvoker' uiAccess='false'" /manifest:embed /Debug /PDB:"E:\Zstu320\vs2015 project\Practice\Debug\Practice.pdb" /TLBID:1 /DYNAMICBASE /NXCOMPAT /IMPLIB:"E:\Zstu320\vs2015 project\Practice\Debug\Practice.lib" /MACHINE:X86 Debug\2022.11.26.obj
         Debug\2022.11.30.obj
         Debug\2023.1.13.obj
         Debug\2023.1.31.obj
         Debug\22.11.10.obj
         Debug\22.11.11.obj
         Debug\22.11.14.obj
         "Debug\22.11.3算数仿函数.obj"
         Debug\22.11.4.obj
         Debug\22.11.5.obj
         Debug\22.11.7.obj
         Practice.vcxproj -> E:\Zstu320\vs2015 project\Practice\Debug\Practice.exe
     1>已完成生成项目“E:\Zstu320\vs2015 project\Practice\Practice\Practice.vcxproj”(Build 个目标)的操作。

已成功生成。

已用时间 00:00:00.53
